# JRE version: OpenJDK Runtime Environment (8.0_152-b01) (build 1.8.0_152-release-915-b01)
# Java VM: OpenJDK 64-Bit Server VM (25.152-b01 mixed mode windows-amd64 compressed oops)
Heap:
 PSYoungGen      total 451072K, used 212249K [0x00000000e0000000, 0x0000000100000000, 0x0000000100000000)
  eden space 407040K, 46% used [0x00000000e0000000,0x00000000eba723f0,0x00000000f8d80000)
  from space 44032K, 48% used [0x00000000f8d80000,0x00000000fa2540c0,0x00000000fb880000)
  to   space 43008K, 0% used [0x00000000fd600000,0x00000000fd600000,0x0000000100000000)
 ParOldGen       total 263168K, used 242228K [0x00000000a0000000, 0x00000000b0100000, 0x00000000e0000000)
  object space 263168K, 92% used [0x00000000a0000000,0x00000000aec8d0d8,0x00000000b0100000)
 Metaspace       used 99574K, capacity 105300K, committed 105728K, reserved 1140736K
  class space    used 12595K, capacity 13962K, committed 14080K, reserved 1048576K
GC Heap History (10 events):
Event: 7902.860 GC heap before
{Heap before GC invocations=33 (full 4):
 PSYoungGen      total 324608K, used 311178K [0x00000000e0000000, 0x00000000f6d00000, 0x0000000100000000)
  eden space 278528K, 100% used [0x00000000e0000000,0x00000000f1000000,0x00000000f1000000)
  from space 46080K, 70% used [0x00000000f4000000,0x00000000f5fe29c0,0x00000000f6d00000)
  to   space 47616K, 0% used [0x00000000f1000000,0x00000000f1000000,0x00000000f3e80000)
 ParOldGen       total 263168K, used 212448K [0x00000000a0000000, 0x00000000b0100000, 0x00000000e0000000)
  object space 263168K, 80% used [0x00000000a0000000,0x00000000acf782f0,0x00000000b0100000)
 Metaspace       used 99506K, capacity 105236K, committed 105728K, reserved 1140736K
  class space    used 12593K, capacity 13962K, committed 14080K, reserved 1048576K
Event: 7902.948 GC heap after
Heap after GC invocations=33 (full 4):
 PSYoungGen      total 326144K, used 36185K [0x00000000e0000000, 0x00000000faa00000, 0x0000000100000000)
  eden space 278528K, 0% used [0x00000000e0000000,0x00000000e0000000,0x00000000f1000000)
  from space 47616K, 75% used [0x00000000f1000000,0x00000000f33564c0,0x00000000f3e80000)
  to   space 49664K, 0% used [0x00000000f7980000,0x00000000f7980000,0x00000000faa00000)
 ParOldGen       total 263168K, used 212448K [0x00000000a0000000, 0x00000000b0100000, 0x00000000e0000000)
  object space 263168K, 80% used [0x00000000a0000000,0x00000000acf782f0,0x00000000b0100000)
 Metaspace       used 99506K, capacity 105236K, committed 105728K, reserved 1140736K
  class space    used 12593K, capacity 13962K, committed 14080K, reserved 1048576K
}
Event: 7904.791 GC heap before
{Heap before GC invocations=34 (full 4):
 PSYoungGen      total 326144K, used 314713K [0x00000000e0000000, 0x00000000faa00000, 0x0000000100000000)
  eden space 278528K, 100% used [0x00000000e0000000,0x00000000f1000000,0x00000000f1000000)
  from space 47616K, 75% used [0x00000000f1000000,0x00000000f33564c0,0x00000000f3e80000)
  to   space 49664K, 0% used [0x00000000f7980000,0x00000000f7980000,0x00000000faa00000)
 ParOldGen       total 263168K, used 212448K [0x00000000a0000000, 0x00000000b0100000, 0x00000000e0000000)
  object space 263168K, 80% used [0x00000000a0000000,0x00000000acf782f0,0x00000000b0100000)
 Metaspace       used 99514K, capacity 105236K, committed 105728K, reserved 1140736K
  class space    used 12594K, capacity 13962K, committed 14080K, reserved 1048576K
Event: 7904.936 GC heap after
Heap after GC invocations=34 (full 4):
 PSYoungGen      total 387584K, used 27054K [0x00000000e0000000, 0x00000000fa900000, 0x0000000100000000)
  eden space 338944K, 0% used [0x00000000e0000000,0x00000000e0000000,0x00000000f4b00000)
  from space 48640K, 55% used [0x00000000f7980000,0x00000000f93eb9e0,0x00000000fa900000)
  to   space 47616K, 0% used [0x00000000f4b00000,0x00000000f4b00000,0x00000000f7980000)
 ParOldGen       total 263168K, used 227816K [0x00000000a0000000, 0x00000000b0100000, 0x00000000e0000000)
  object space 263168K, 86% used [0x00000000a0000000,0x00000000ade7a340,0x00000000b0100000)
 Metaspace       used 99514K, capacity 105236K, committed 105728K, reserved 1140736K
  class space    used 12594K, capacity 13962K, committed 14080K, reserved 1048576K
}
Event: 7908.511 GC heap before
{Heap before GC invocations=35 (full 4):
 PSYoungGen      total 387584K, used 365998K [0x00000000e0000000, 0x00000000fa900000, 0x0000000100000000)
  eden space 338944K, 100% used [0x00000000e0000000,0x00000000f4b00000,0x00000000f4b00000)
  from space 48640K, 55% used [0x00000000f7980000,0x00000000f93eb9e0,0x00000000fa900000)
  to   space 47616K, 0% used [0x00000000f4b00000,0x00000000f4b00000,0x00000000f7980000)
 ParOldGen       total 263168K, used 227816K [0x00000000a0000000, 0x00000000b0100000, 0x00000000e0000000)
  object space 263168K, 86% used [0x00000000a0000000,0x00000000ade7a340,0x00000000b0100000)
 Metaspace       used 99532K, capacity 105236K, committed 105728K, reserved 1140736K
  class space    used 12594K, capacity 13962K, committed 14080K, reserved 1048576K
Event: 7908.609 GC heap after
Heap after GC invocations=35 (full 4):
 PSYoungGen      total 386560K, used 23893K [0x00000000e0000000, 0x00000000feb80000, 0x0000000100000000)
  eden space 338944K, 0% used [0x00000000e0000000,0x00000000e0000000,0x00000000f4b00000)
  from space 47616K, 50% used [0x00000000f4b00000,0x00000000f62556a0,0x00000000f7980000)
  to   space 46080K, 0% used [0x00000000fbe80000,0x00000000fbe80000,0x00000000feb80000)
 ParOldGen       total 263168K, used 232641K [0x00000000a0000000, 0x00000000b0100000, 0x00000000e0000000)
  object space 263168K, 88% used [0x00000000a0000000,0x00000000ae330720,0x00000000b0100000)
 Metaspace       used 99532K, capacity 105236K, committed 105728K, reserved 1140736K
  class space    used 12594K, capacity 13962K, committed 14080K, reserved 1048576K
}
Event: 7912.428 GC heap before
{Heap before GC invocations=36 (full 4):
 PSYoungGen      total 386560K, used 362837K [0x00000000e0000000, 0x00000000feb80000, 0x0000000100000000)
  eden space 338944K, 100% used [0x00000000e0000000,0x00000000f4b00000,0x00000000f4b00000)
  from space 47616K, 50% used [0x00000000f4b00000,0x00000000f62556a0,0x00000000f7980000)
  to   space 46080K, 0% used [0x00000000fbe80000,0x00000000fbe80000,0x00000000feb80000)
 ParOldGen       total 263168K, used 232641K [0x00000000a0000000, 0x00000000b0100000, 0x00000000e0000000)
  object space 263168K, 88% used [0x00000000a0000000,0x00000000ae330720,0x00000000b0100000)
 Metaspace       used 99543K, capacity 105300K, committed 105728K, reserved 1140736K
  class space    used 12595K, capacity 13962K, committed 14080K, reserved 1048576K
Event: 7912.484 GC heap after
Heap after GC invocations=36 (full 4):
 PSYoungGen      total 444928K, used 25796K [0x00000000e0000000, 0x00000000fe380000, 0x0000000100000000)
  eden space 407040K, 0% used [0x00000000e0000000,0x00000000e0000000,0x00000000f8d80000)
  from space 37888K, 68% used [0x00000000fbe80000,0x00000000fd7b1190,0x00000000fe380000)
  to   space 44032K, 0% used [0x00000000f8d80000,0x00000000f8d80000,0x00000000fb880000)
 ParOldGen       total 263168K, used 233435K [0x00000000a0000000, 0x00000000b0100000, 0x00000000e0000000)
  object space 263168K, 88% used [0x00000000a0000000,0x00000000ae3f6c80,0x00000000b0100000)
 Metaspace       used 99543K, capacity 105300K, committed 105728K, reserved 1140736K
  class space    used 12595K, capacity 13962K, committed 14080K, reserved 1048576K
}
Event: 7916.035 GC heap before
{Heap before GC invocations=37 (full 4):
 PSYoungGen      total 444928K, used 432836K [0x00000000e0000000, 0x00000000fe380000, 0x0000000100000000)
  eden space 407040K, 100% used [0x00000000e0000000,0x00000000f8d80000,0x00000000f8d80000)
  from space 37888K, 68% used [0x00000000fbe80000,0x00000000fd7b1190,0x00000000fe380000)
  to   space 44032K, 0% used [0x00000000f8d80000,0x00000000f8d80000,0x00000000fb880000)
 ParOldGen       total 263168K, used 233435K [0x00000000a0000000, 0x00000000b0100000, 0x00000000e0000000)
  object space 263168K, 88% used [0x00000000a0000000,0x00000000ae3f6c80,0x00000000b0100000)
 Metaspace       used 99562K, capacity 105300K, committed 105728K, reserved 1140736K
  class space    used 12595K, capacity 13962K, committed 14080K, reserved 1048576K
Event: 7916.222 GC heap after
Heap after GC invocations=37 (full 4):
 PSYoungGen      total 451072K, used 21328K [0x00000000e0000000, 0x0000000100000000, 0x0000000100000000)
  eden space 407040K, 0% used [0x00000000e0000000,0x00000000e0000000,0x00000000f8d80000)
  from space 44032K, 48% used [0x00000000f8d80000,0x00000000fa2540c0,0x00000000fb880000)
  to   space 43008K, 0% used [0x00000000fd600000,0x00000000fd600000,0x0000000100000000)
 ParOldGen       total 263168K, used 242228K [0x00000000a0000000, 0x00000000b0100000, 0x00000000e0000000)
  object space 263168K, 92% used [0x00000000a0000000,0x00000000aec8d0d8,0x00000000b0100000)
 Metaspace       used 99562K, capacity 105300K, committed 105728K, reserved 1140736K
  class space    used 12595K, capacity 13962K, committed 14080K, reserved 1048576K
}

